WARNING: Failed to find function "__sanitizer_acquire_crash_state".
WARNING: Failed to find function "__sanitizer_print_stack_trace".
WARNING: Failed to find function "__sanitizer_set_death_callback".
INFO: Running with entropic power schedule (0xFF, 100).
INFO: Seed: 1144187378
MERGE-OUTER: 2648 files, 0 in the initial corpus, 0 processed earlier
MERGE-OUTER: attempt 1
WARNING: Failed to find function "__sanitizer_acquire_crash_state".
WARNING: Failed to find function "__sanitizer_print_stack_trace".
WARNING: Failed to find function "__sanitizer_set_death_callback".
INFO: Running with entropic power schedule (0xFF, 100).
INFO: Seed: 1144211029
INFO: -max_len is not provided; libFuzzer will not generate inputs larger than 1048576 bytes
MERGE-INNER: using the control file '/tmp/libFuzzerTemp.Merge225.txt'
MERGE-INNER: 2648 total files; 0 processed earlier; will process 2648 files now
#1	pulse  exec/s: 0 rss: 27Mb
#2	pulse  exec/s: 0 rss: 27Mb
#4	pulse  exec/s: 0 rss: 27Mb
#8	pulse  exec/s: 0 rss: 27Mb
#16	pulse  exec/s: 0 rss: 27Mb
#32	pulse  exec/s: 0 rss: 27Mb
#64	pulse  exec/s: 0 rss: 27Mb
#128	pulse  exec/s: 0 rss: 27Mb
#256	pulse  exec/s: 0 rss: 27Mb
#512	pulse  exec/s: 0 rss: 27Mb
#1024	pulse  exec/s: 0 rss: 27Mb
#2048	pulse  exec/s: 0 rss: 28Mb
#2648	DONE   exec/s: 2648 rss: 29Mb
MERGE-OUTER: successful in 1 attempt(s)
MERGE-OUTER: the control file has 332215 bytes
MERGE-OUTER: consumed 0Mb (27Mb rss) to parse the control file
MERGE-OUTER: 0 new files with 0 new features added; 0 new coverage edges
